{"type": "SET", "key": "string", "value": "string", "expiry": 1770987029.796449}
{"type": "SET", "key": "string", "value": "string", "expiry": 1770988327.9143667}
{"type": "SET", "key": "VARUN", "value": "HELP", "expiry": 1771073784.3581223}
{"type": "DELETE", "key": "VARUN"}
{"type": "SET", "key": "VARUN", "value": "HELP", "expiry": 1771075081.580488}
{"type": "SET", "key": "VARUN", "value": "HELP", "expiry": 1771075082.726827}
{"type": "SET", "key": "VARUN", "value": "HELP", "expiry": 1771075084.139068}
{"type": "SET", "key": "VARUN", "value": "HELP", "expiry": 1771075084.84637}
{"type": "SET", "key": "VARUN", "value": "HELP", "expiry": 1771075088.6675465}
{"type": "DELETE", "key": "VARUN"}
{"type": "SET", "key": "VARUN", "value": "HELP", "expiry": 1771075199.4430616}
{"type": "DELETE", "key": "VARUN"}
{"type": "SET", "key": "VARUN", "value": "HELP", "expiry": 1771331546.8489492}
{"type": "DELETE", "key": "VARUN"}
{"type": "SET", "key": "VARUN", "value": "HELP", "expiry": 1771332652.202154}
{"type": "SET", "key": "VARUN", "value": "HELP", "expiry": 1772541079.8965929}
{"type": "SET", "key": "VARUN", "value": "HELP", "expiry": 1772541085.7916005}
{"type": "SET", "key": "VARUN", "value": "HELP", "expiry": 1772541087.9391572}
{"type": "SET", "key": "VARUN", "value": "HELP", "expiry": 1772541088.3576543}
{"type": "SET", "key": "VARUN", "value": "HELP", "expiry": 1772541088.5643053}
{"type": "SET", "key": "VARUN", "value": "HELP", "expiry": 1772541088.719625}
{"type": "SET", "key": "VARUN", "value": "HELP", "expiry": 1772541088.8913686}
{"type": "SET", "key": "VARUN", "value": "HELP", "expiry": 1772541089.5331438}
{"type": "SET", "key": "VARUN", "value": "HELP", "expiry": 1772541089.6945686}
{"type": "SET", "key": "VARUN", "value": "HELP", "expiry": 1772541089.8640597}
{"type": "SET", "key": "VARUN", "value": "HELP", "expiry": 1772541090.0851932}
{"type": "SET", "key": "VARUN", "value": "HELP", "expiry": 1772541095.8153582}
{"type": "SET", "key": "VARUN", "value": "HELP", "expiry": 1772541099.2843962}
{"type": "SET", "key": "VARUN", "value": "HELP", "expiry": 1772541250.9899428}
{"type": "SET", "key": "VARUN", "value": "HELP", "expiry": 1772541253.6920552}
{"type": "SET", "key": "VARUN", "value": "HELP", "expiry": 1772541254.3577693}
{"type": "SET", "key": "VARUN", "value": "HELP", "expiry": 1772541254.8258803}
{"type": "SET", "key": "VARUN", "value": "HELP", "expiry": 1772541254.98239}
{"type": "SET", "key": "VARUN", "value": "HELP", "expiry": 1772541255.1321974}
{"type": "SET", "key": "VARUN", "value": "HELP", "expiry": 1772541255.2833035}
{"type": "SET", "key": "VARUN", "value": "HELP", "expiry": 1772541255.4376743}
{"type": "SET", "key": "VARUN", "value": "HELP", "expiry": 1772541255.6156368}
{"type": "SET", "key": "VARUN", "value": "HELP", "expiry": 1772542046.7203}
{"type": "SET", "key": "VARUN", "value": "HELP", "expiry": 1772542227.6197374}
{"type": "SET", "key": "VARUN", "value": "HELP", "expiry": 1772542389.4771338}
{"type": "SET", "key": "VARUN", "value": "HELP", "expiry": 1772542497.3842251}
{"type": "SET", "key": "SAI", "value": "HELP", "expiry": 1772542505.403929}
{"type": "SET", "key": "VARUN", "value": "HELP", "expiry": 1772542513.3886986}
{"type": "SET", "key": "VARUN2", "value": "HELP", "expiry": 1772542517.789425}
{"type": "SET", "key": "VARUN3", "value": "HELP", "expiry": 1772542520.4215097}
{"type": "SET", "key": "VARUN4", "value": "HELP", "expiry": 1772542522.9157107}
{"type": "DELETE", "key": "SAI"}
{"type": "SET", "key": "VARUN5", "value": "HELP", "expiry": 1772542524.4724417}
{"type": "DELETE", "key": "VARUN"}
{"type": "SET", "key": "SAI", "value": "HELP", "expiry": 1772542528.470277}
{"type": "SET", "key": "VARUN4", "value": "HELP", "expiry": 1772542534.4544587}
{"type": "DELETE", "key": "VARUN2"}
{"type": "SET", "key": "VARUN4SAI", "value": "HELP", "expiry": 1772542536.6911907}
{"type": "SET", "key": "VARUN3", "value": "HELP", "expiry": 1772542544.057764}
{"type": "SET", "key": "VARUN", "value": "HELP", "expiry": 1772793931.7661643}
{"type": "SET", "key": "VARUN", "value": "HELP", "expiry": 1772794378.8765888}
{"type": "SET", "key": "VARUN", "value": "HELP", "expiry": 1772795420.7322931}
{"type": "DELETE", "key": "VARUN"}
{"type": "SET", "key": "VARUN", "value": "HELP", "expiry": 1772795796.1343305}
{"type": "SET", "key": "VARU", "value": "HELP", "expiry": 1772795800.8059595}
